<?xml version="1.0" encoding="UTF-8"?>
<!-- Generated by org.testng.reporters.JUnitReportReporter -->
<testsuite hostname="Pavan" failures="0" tests="3" name="com.demonopCommerce.TC_LogintTest_001" time="3.250" errors="0" timestamp="2022-08-26T17:40:28 IST" skipped="0">
  <testcase classname="com.demonopCommerce.TC_LogintTest_001" name="vregistration" time="0.006"/>
  <system-out/>
  <testcase classname="com.demonopCommerce.TC_LogintTest_001" name="validate" time="0.117"/>
  <system-out/>
  <testcase classname="com.demonopCommerce.TC_LogintTest_001" name="login" time="3.127"/>
  <system-out/>
</testsuite> <!-- com.demonopCommerce.TC_LogintTest_001 -->
